<?xml version="1.0" encoding="UTF-8"?>
<!-- Generated by org.testng.reporters.JUnitXMLReporter -->
<testsuite ignored="0" hostname="DESKTOP-U8HQR51" failures="0" tests="4" name="Test" time="94.939" errors="0" timestamp="2023-12-06T14:28:37 IST">
  <testcase classname="AutomationScripts.TestScripts_01" name="extracting_Email" time="77.472"/>
  <testcase classname="AutomationScripts.TestScripts_01" name="valid_Credentials" time="7.879"/>
  <testcase classname="AutomationScripts.TestScripts_01" name="extracting_OTP" time="7.839"/>
  <testcase classname="AutomationScripts.TestScripts_01" name="existing_EmailCredentials" time="1.669"/>
</testsuite> <!-- Test -->
