<?xml version="1.0" encoding="UTF-8"?>
<!-- Generated by org.testng.reporters.JUnitXMLReporter -->
<testsuite ignored="0" hostname="DESKTOP-U8HQR51" failures="1" tests="2" name="Test" time="23.335" errors="0" timestamp="2023-11-24T15:56:38 IST">
  <testcase classname="WEB.Webscripts" name="extracting_OTP" time="15.542"/>
  <testcase classname="API.Apiscripts" name="authentication_API" time="3.841">
    <failure type="java.lang.AssertionError" message="The following asserts failed:
	expected [201] but found [200]">
      <![CDATA[java.lang.AssertionError: The following asserts failed:
expected [201] but found [200]
at API.Apiscripts.authentication_API(Apiscripts.java:47)
at java.base/java.util.ArrayList.forEach(ArrayList.java:1541)
... Removed 33 stack frames]]>
    </failure>
  </testcase> <!-- authentication_API -->
</testsuite> <!-- Test -->
