<?xml version="1.0" encoding="UTF-8"?>
<testng-results ignored="0" total="4" passed="4" failed="0" skipped="0">
  <reporter-output>
  </reporter-output>
  <suite started-at="2023-12-06T14:27:02 IST" name="Suite" finished-at="2023-12-06T14:28:37 IST" duration-ms="94939">
    <groups>
    </groups>
    <test started-at="2023-12-06T14:27:02 IST" name="Test" finished-at="2023-12-06T14:28:37 IST" duration-ms="94939">
      <class name="AutomationScripts.TestScripts_01">
        <test-method signature="extracting_Email()[pri:1, instance:AutomationScripts.TestScripts_01@5ce8d869]" started-at="2023-12-06T14:27:02 IST" name="extracting_Email" description="Extracting Email to acquire 30-day Trial License Acquisition" finished-at="2023-12-06T14:28:19 IST" duration-ms="77472" status="PASS">
          <reporter-output>
          </reporter-output>
        </test-method> <!-- extracting_Email -->
        <test-method signature="valid_Credentials()[pri:2, instance:AutomationScripts.TestScripts_01@5ce8d869]" started-at="2023-12-06T14:28:19 IST" name="valid_Credentials" description="authentication API" finished-at="2023-12-06T14:28:27 IST" duration-ms="7879" status="PASS">
          <reporter-output>
          </reporter-output>
        </test-method> <!-- valid_Credentials -->
        <test-method signature="extracting_OTP()[pri:3, instance:AutomationScripts.TestScripts_01@5ce8d869]" started-at="2023-12-06T14:28:27 IST" name="extracting_OTP" description="Extracting OTP during 30-day Trial License Acquisition" finished-at="2023-12-06T14:28:35 IST" duration-ms="7839" status="PASS">
          <reporter-output>
          </reporter-output>
        </test-method> <!-- extracting_OTP -->
        <test-method signature="existing_EmailCredentials()[pri:4, instance:AutomationScripts.TestScripts_01@5ce8d869]" started-at="2023-12-06T14:28:35 IST" name="existing_EmailCredentials" description="Registration with existing email" finished-at="2023-12-06T14:28:37 IST" duration-ms="1669" status="PASS">
          <reporter-output>
          </reporter-output>
        </test-method> <!-- existing_EmailCredentials -->
      </class> <!-- AutomationScripts.TestScripts_01 -->
    </test> <!-- Test -->
  </suite> <!-- Suite -->
</testng-results>
